<?xml version="1.0" encoding="UTF-8"?>
<!-- Generated by org.testng.reporters.JUnitXMLReporter -->
<testsuite hostname="admin-PC" ignored="0" name="Default test" tests="3" failures="0" timestamp="31 Mar 2020 13:27:35 GMT" time="0.847" errors="0">
  <testcase name="companyId" time="0.095" classname="org.company.CompanyInfo"/>
  <testcase name="companyName" time="0.002" classname="org.company.CompanyInfo"/>
  <testcase name="companyAddress" time="0.001" classname="org.company.CompanyInfo"/>
</testsuite> <!-- Default test -->
